<?xml version="1.0" encoding="UTF-8"?>
<coverage generated="1544906212051" clover="3.2.0">
  <project timestamp="1544906212051" name="All files">
    <metrics statements="108" coveredstatements="90" conditionals="40" coveredconditionals="24" methods="11" coveredmethods="10" elements="159" coveredelements="124" complexity="0" loc="108" ncloc="108" packages="1" files="1" classes="1">
      <file name="CalendarLib.ts" path="C:\projects\davis\Javascript\calendar-lib\src\CalendarLib.ts">
        <metrics statements="108" coveredstatements="90" conditionals="40" coveredconditionals="24" methods="11" coveredmethods="10"/>
        <line num="3" count="1" type="stmt"/>
        <line num="5" count="16" type="stmt"/>
        <line num="12" count="16" type="stmt"/>
        <line num="15" count="1" type="stmt"/>
        <line num="16" count="4" type="stmt"/>
        <line num="19" count="1" type="stmt"/>
        <line num="20" count="2" type="stmt"/>
        <line num="24" count="16" type="stmt"/>
        <line num="26" count="27" type="cond" truecount="4" falsecount="2"/>
        <line num="28" count="16" type="cond" truecount="2" falsecount="0"/>
        <line num="29" count="11" type="cond" truecount="1" falsecount="1"/>
        <line num="30" count="0" type="stmt"/>
        <line num="31" count="0" type="stmt"/>
        <line num="33" count="11" type="stmt"/>
        <line num="36" count="11" type="cond" truecount="1" falsecount="1"/>
        <line num="37" count="0" type="stmt"/>
        <line num="38" count="0" type="stmt"/>
        <line num="39" count="0" type="stmt"/>
        <line num="43" count="11" type="stmt"/>
        <line num="44" count="11" type="stmt"/>
        <line num="50" count="5" type="stmt"/>
        <line num="51" count="5" type="stmt"/>
        <line num="52" count="5" type="stmt"/>
        <line num="55" count="16" type="stmt"/>
        <line num="57" count="16" type="stmt"/>
        <line num="58" count="16" type="stmt"/>
        <line num="60" count="16" type="stmt"/>
        <line num="65" count="1" type="stmt"/>
        <line num="66" count="16" type="stmt"/>
        <line num="67" count="16" type="stmt"/>
        <line num="70" count="1" type="stmt"/>
        <line num="71" count="16" type="stmt"/>
        <line num="72" count="16" type="stmt"/>
        <line num="75" count="1" type="stmt"/>
        <line num="76" count="16" type="stmt"/>
        <line num="77" count="16" type="stmt"/>
        <line num="78" count="16" type="stmt"/>
        <line num="80" count="16" type="stmt"/>
        <line num="81" count="84" type="cond" truecount="2" falsecount="0"/>
        <line num="82" count="16" type="stmt"/>
        <line num="83" count="16" type="stmt"/>
        <line num="84" count="16" type="stmt"/>
        <line num="87" count="68" type="stmt"/>
        <line num="93" count="16" type="stmt"/>
        <line num="95" count="16" type="stmt"/>
        <line num="96" count="28" type="stmt"/>
        <line num="97" count="28" type="stmt"/>
        <line num="100" count="16" type="stmt"/>
        <line num="102" count="16" type="stmt"/>
        <line num="103" count="72" type="stmt"/>
        <line num="105" count="72" type="stmt"/>
        <line num="107" count="461" type="cond" truecount="2" falsecount="0"/>
        <line num="108" count="13" type="stmt"/>
        <line num="110" count="448" type="stmt"/>
        <line num="111" count="448" type="stmt"/>
        <line num="113" count="72" type="stmt"/>
        <line num="115" count="16" type="cond" truecount="2" falsecount="0"/>
        <line num="116" count="13" type="stmt"/>
        <line num="117" count="56" type="stmt"/>
        <line num="120" count="16" type="stmt"/>
        <line num="123" count="1" type="stmt"/>
        <line num="124" count="2" type="stmt"/>
        <line num="125" count="2" type="stmt"/>
        <line num="127" count="2" type="stmt"/>
        <line num="130" count="2" type="cond" truecount="2" falsecount="0"/>
        <line num="131" count="1" type="stmt"/>
        <line num="132" count="1" type="stmt"/>
        <line num="133" count="1" type="stmt"/>
        <line num="134" count="1" type="stmt"/>
        <line num="136" count="1" type="stmt"/>
        <line num="139" count="1" type="stmt"/>
        <line num="142" count="1" type="stmt"/>
        <line num="144" count="3" type="stmt"/>
        <line num="145" count="3" type="stmt"/>
        <line num="148" count="3" type="cond" truecount="2" falsecount="0"/>
        <line num="150" count="1" type="stmt"/>
        <line num="151" count="1" type="stmt"/>
        <line num="152" count="1" type="stmt"/>
        <line num="153" count="1" type="stmt"/>
        <line num="155" count="1" type="stmt"/>
        <line num="157" count="1" type="stmt"/>
        <line num="160" count="2" type="stmt"/>
        <line num="161" count="2" type="stmt"/>
        <line num="162" count="2" type="stmt"/>
        <line num="163" count="2" type="stmt"/>
        <line num="166" count="1" type="stmt"/>
        <line num="168" count="17" type="stmt"/>
        <line num="170" count="2" type="stmt"/>
        <line num="173" count="1" type="stmt"/>
        <line num="176" count="3" type="stmt"/>
        <line num="179" count="1" type="stmt"/>
        <line num="182" count="1" type="stmt"/>
        <line num="185" count="0" type="stmt"/>
        <line num="188" count="0" type="stmt"/>
        <line num="191" count="0" type="stmt"/>
        <line num="194" count="0" type="stmt"/>
        <line num="197" count="0" type="stmt"/>
        <line num="200" count="0" type="stmt"/>
        <line num="203" count="9" type="stmt"/>
        <line num="207" count="1" type="cond" truecount="0" falsecount="2"/>
        <line num="209" count="0" type="cond" truecount="0" falsecount="2"/>
        <line num="210" count="0" type="stmt"/>
        <line num="213" count="0" type="stmt"/>
        <line num="215" count="0" type="stmt"/>
        <line num="217" count="0" type="cond" truecount="0" falsecount="2"/>
        <line num="218" count="0" type="stmt"/>
        <line num="223" count="0" type="stmt"/>
        <line num="226" count="1" type="stmt"/>
      </file>
    </metrics>
  </project>
</coverage>
