{"C:\\projects\\davis\\Javascript\\calendar-lib\\src\\CalendarLib.ts": {"path":"C:\\projects\\davis\\Javascript\\calendar-lib\\src\\CalendarLib.ts","statementMap":{"0":{"start":{"line":3,"column":0},"end":{"line":217,"column":0}},"1":{"start":{"line":26,"column":16},"end":{"line":26,"column":35}},"2":{"start":{"line":26,"column":37},"end":{"line":26,"column":57}},"3":{"start":{"line":5,"column":12},"end":{"line":5,"column":37}},"4":{"start":{"line":12,"column":12},"end":{"line":12,"column":66}},"5":{"start":{"line":24,"column":11},"end":{"line":24,"column":79}},"6":{"start":{"line":29,"column":8},"end":{"line":34,"column":9}},"7":{"start":{"line":30,"column":12},"end":{"line":30,"column":44}},"8":{"start":{"line":31,"column":12},"end":{"line":31,"column":36}},"9":{"start":{"line":33,"column":12},"end":{"line":33,"column":36}},"10":{"start":{"line":36,"column":8},"end":{"line":46,"column":9}},"11":{"start":{"line":37,"column":12},"end":{"line":37,"column":42}},"12":{"start":{"line":38,"column":12},"end":{"line":38,"column":38}},"13":{"start":{"line":39,"column":12},"end":{"line":39,"column":66}},"14":{"start":{"line":43,"column":12},"end":{"line":43,"column":42}},"15":{"start":{"line":44,"column":12},"end":{"line":44,"column":66}},"16":{"start":{"line":48,"column":8},"end":{"line":48,"column":84}},"17":{"start":{"line":50,"column":8},"end":{"line":50,"column":100}},"18":{"start":{"line":51,"column":8},"end":{"line":51,"column":57}},"19":{"start":{"line":53,"column":8},"end":{"line":53,"column":57}},"20":{"start":{"line":15,"column":4},"end":{"line":17,"column":5}},"21":{"start":{"line":16,"column":8},"end":{"line":16,"column":37}},"22":{"start":{"line":19,"column":4},"end":{"line":21,"column":5}},"23":{"start":{"line":20,"column":8},"end":{"line":20,"column":32}},"24":{"start":{"line":58,"column":11},"end":{"line":61,"column":5}},"25":{"start":{"line":59,"column":17},"end":{"line":59,"column":45}},"26":{"start":{"line":60,"column":8},"end":{"line":60,"column":35}},"27":{"start":{"line":63,"column":11},"end":{"line":66,"column":5}},"28":{"start":{"line":64,"column":18},"end":{"line":64,"column":51}},"29":{"start":{"line":65,"column":8},"end":{"line":65,"column":19}},"30":{"start":{"line":68,"column":12},"end":{"line":115,"column":5}},"31":{"start":{"line":69,"column":30},"end":{"line":69,"column":31}},"32":{"start":{"line":70,"column":22},"end":{"line":70,"column":23}},"33":{"start":{"line":71,"column":25},"end":{"line":71,"column":26}},"34":{"start":{"line":73,"column":8},"end":{"line":82,"column":9}},"35":{"start":{"line":74,"column":12},"end":{"line":81,"column":13}},"36":{"start":{"line":75,"column":16},"end":{"line":75,"column":55}},"37":{"start":{"line":76,"column":16},"end":{"line":76,"column":29}},"38":{"start":{"line":77,"column":16},"end":{"line":77,"column":22}},"39":{"start":{"line":80,"column":16},"end":{"line":80,"column":52}},"40":{"start":{"line":86,"column":33},"end":{"line":86,"column":61}},"41":{"start":{"line":88,"column":7},"end":{"line":91,"column":8}},"42":{"start":{"line":89,"column":11},"end":{"line":89,"column":50}},"43":{"start":{"line":90,"column":11},"end":{"line":90,"column":24}},"44":{"start":{"line":93,"column":7},"end":{"line":93,"column":57}},"45":{"start":{"line":95,"column":7},"end":{"line":107,"column":8}},"46":{"start":{"line":96,"column":46},"end":{"line":96,"column":48}},"47":{"start":{"line":98,"column":12},"end":{"line":105,"column":13}},"48":{"start":{"line":100,"column":16},"end":{"line":102,"column":17}},"49":{"start":{"line":101,"column":20},"end":{"line":101,"column":26}},"50":{"start":{"line":103,"column":16},"end":{"line":103,"column":46}},"51":{"start":{"line":104,"column":16},"end":{"line":104,"column":29}},"52":{"start":{"line":106,"column":12},"end":{"line":106,"column":53}},"53":{"start":{"line":108,"column":7},"end":{"line":113,"column":8}},"54":{"start":{"line":109,"column":11},"end":{"line":112,"column":12}},"55":{"start":{"line":111,"column":15},"end":{"line":111,"column":79}},"56":{"start":{"line":114,"column":7},"end":{"line":114,"column":36}},"57":{"start":{"line":117,"column":11},"end":{"line":132,"column":5}},"58":{"start":{"line":118,"column":8},"end":{"line":118,"column":31}},"59":{"start":{"line":119,"column":23},"end":{"line":119,"column":40}},"60":{"start":{"line":121,"column":22},"end":{"line":121,"column":38}},"61":{"start":{"line":124,"column":8},"end":{"line":129,"column":9}},"62":{"start":{"line":125,"column":12},"end":{"line":125,"column":25}},"63":{"start":{"line":126,"column":12},"end":{"line":126,"column":22}},"64":{"start":{"line":127,"column":12},"end":{"line":127,"column":41}},"65":{"start":{"line":128,"column":12},"end":{"line":128,"column":39}},"66":{"start":{"line":131,"column":8},"end":{"line":131,"column":47}},"67":{"start":{"line":134,"column":11},"end":{"line":155,"column":5}},"68":{"start":{"line":136,"column":23},"end":{"line":136,"column":40}},"69":{"start":{"line":137,"column":22},"end":{"line":137,"column":38}},"70":{"start":{"line":140,"column":8},"end":{"line":150,"column":9}},"71":{"start":{"line":141,"column":12},"end":{"line":141,"column":49}},"72":{"start":{"line":142,"column":12},"end":{"line":142,"column":26}},"73":{"start":{"line":143,"column":12},"end":{"line":143,"column":22}},"74":{"start":{"line":144,"column":12},"end":{"line":144,"column":41}},"75":{"start":{"line":145,"column":12},"end":{"line":145,"column":39}},"76":{"start":{"line":147,"column":12},"end":{"line":147,"column":66}},"77":{"start":{"line":148,"column":12},"end":{"line":148,"column":49}},"78":{"start":{"line":149,"column":12},"end":{"line":149,"column":53}},"79":{"start":{"line":152,"column":8},"end":{"line":152,"column":37}},"80":{"start":{"line":153,"column":8},"end":{"line":153,"column":35}},"81":{"start":{"line":154,"column":8},"end":{"line":154,"column":47}},"82":{"start":{"line":157,"column":12},"end":{"line":196,"column":5}},"83":{"start":{"line":159,"column":8},"end":{"line":195,"column":9}},"84":{"start":{"line":161,"column":12},"end":{"line":161,"column":29}},"85":{"start":{"line":164,"column":12},"end":{"line":164,"column":30}},"86":{"start":{"line":167,"column":12},"end":{"line":167,"column":27}},"87":{"start":{"line":170,"column":12},"end":{"line":170,"column":27}},"88":{"start":{"line":173,"column":12},"end":{"line":173,"column":25}},"89":{"start":{"line":176,"column":12},"end":{"line":176,"column":26}},"90":{"start":{"line":179,"column":12},"end":{"line":179,"column":26}},"91":{"start":{"line":182,"column":12},"end":{"line":182,"column":28}},"92":{"start":{"line":185,"column":12},"end":{"line":185,"column":31}},"93":{"start":{"line":188,"column":12},"end":{"line":188,"column":29}},"94":{"start":{"line":191,"column":12},"end":{"line":191,"column":30}},"95":{"start":{"line":194,"column":12},"end":{"line":194,"column":30}},"96":{"start":{"line":198,"column":11},"end":{"line":215,"column":5}},"97":{"start":{"line":198,"column":23},"end":{"line":198,"column":50}},"98":{"start":{"line":200,"column":8},"end":{"line":202,"column":9}},"99":{"start":{"line":201,"column":12},"end":{"line":201,"column":48}},"100":{"start":{"line":204,"column":8},"end":{"line":212,"column":9}},"101":{"start":{"line":206,"column":12},"end":{"line":211,"column":13}},"102":{"start":{"line":208,"column":16},"end":{"line":210,"column":17}},"103":{"start":{"line":209,"column":20},"end":{"line":209,"column":52}},"104":{"start":{"line":214,"column":8},"end":{"line":214,"column":20}},"105":{"start":{"line":217,"column":0},"end":{"line":217,"column":1}},"106":{"start":{"line":3,"column":13},"end":{"line":3,"column":21}}},"fnMap":{"0":{"name":"(anonymous_0)","decl":{"start":{"line":3,"column":0},"end":{"line":null,"column":-1}},"loc":{"start":{"line":3,"column":0},"end":{"line":3,"column":-1}}},"1":{"name":"Calendar","decl":{"start":{"line":26,"column":4},"end":{"line":26,"column":15}},"loc":{"start":{"line":26,"column":57},"end":{"line":55,"column":5}}},"2":{"name":"(anonymous_2)","decl":{"start":{"line":15,"column":4},"end":{"line":null,"column":-1}},"loc":{"start":{"line":15,"column":4},"end":{"line":17,"column":5}}},"3":{"name":"(anonymous_3)","decl":{"start":{"line":19,"column":4},"end":{"line":null,"column":-1}},"loc":{"start":{"line":19,"column":4},"end":{"line":21,"column":5}}},"4":{"name":"(anonymous_4)","decl":{"start":{"line":58,"column":4},"end":{"line":58,"column":33}},"loc":{"start":{"line":58,"column":61},"end":{"line":61,"column":5}}},"5":{"name":"(anonymous_5)","decl":{"start":{"line":63,"column":4},"end":{"line":null,"column":-1}},"loc":{"start":{"line":63,"column":4},"end":{"line":66,"column":5}}},"6":{"name":"(anonymous_6)","decl":{"start":{"line":68,"column":4},"end":{"line":null,"column":-1}},"loc":{"start":{"line":68,"column":4},"end":{"line":115,"column":5}}},"7":{"name":"(anonymous_7)","decl":{"start":{"line":117,"column":4},"end":{"line":null,"column":-1}},"loc":{"start":{"line":117,"column":4},"end":{"line":132,"column":5}}},"8":{"name":"(anonymous_8)","decl":{"start":{"line":134,"column":4},"end":{"line":null,"column":-1}},"loc":{"start":{"line":134,"column":4},"end":{"line":155,"column":5}}},"9":{"name":"(anonymous_9)","decl":{"start":{"line":157,"column":4},"end":{"line":157,"column":24}},"loc":{"start":{"line":157,"column":38},"end":{"line":196,"column":5}}},"10":{"name":"(anonymous_10)","decl":{"start":{"line":198,"column":4},"end":{"line":198,"column":22}},"loc":{"start":{"line":198,"column":50},"end":{"line":215,"column":5}}}},"branchMap":{"0":{"loc":{"start":{"line":26,"column":16},"end":{"line":26,"column":35}},"type":"if","locations":[{"start":{"line":26,"column":16},"end":{"line":26,"column":35}},{"start":{"line":26,"column":16},"end":{"line":26,"column":35}}]},"1":{"loc":{"start":{"line":26,"column":37},"end":{"line":26,"column":57}},"type":"if","locations":[{"start":{"line":26,"column":37},"end":{"line":26,"column":57}},{"start":{"line":26,"column":37},"end":{"line":26,"column":57}}]},"2":{"loc":{"start":{"line":29,"column":8},"end":{"line":34,"column":9}},"type":"if","locations":[{"start":{"line":29,"column":8},"end":{"line":34,"column":9}},{"start":{"line":29,"column":8},"end":{"line":34,"column":9}}]},"3":{"loc":{"start":{"line":36,"column":8},"end":{"line":46,"column":9}},"type":"if","locations":[{"start":{"line":36,"column":8},"end":{"line":46,"column":9}},{"start":{"line":36,"column":8},"end":{"line":46,"column":9}}]},"4":{"loc":{"start":{"line":74,"column":12},"end":{"line":81,"column":13}},"type":"if","locations":[{"start":{"line":74,"column":12},"end":{"line":81,"column":13}},{"start":{"line":74,"column":12},"end":{"line":81,"column":13}}]},"5":{"loc":{"start":{"line":100,"column":16},"end":{"line":102,"column":17}},"type":"if","locations":[{"start":{"line":100,"column":16},"end":{"line":102,"column":17}},{"start":{"line":100,"column":16},"end":{"line":102,"column":17}}]},"6":{"loc":{"start":{"line":108,"column":7},"end":{"line":113,"column":8}},"type":"if","locations":[{"start":{"line":108,"column":7},"end":{"line":113,"column":8}},{"start":{"line":108,"column":7},"end":{"line":113,"column":8}}]},"7":{"loc":{"start":{"line":124,"column":8},"end":{"line":129,"column":9}},"type":"if","locations":[{"start":{"line":124,"column":8},"end":{"line":129,"column":9}},{"start":{"line":124,"column":8},"end":{"line":129,"column":9}}]},"8":{"loc":{"start":{"line":140,"column":8},"end":{"line":150,"column":9}},"type":"if","locations":[{"start":{"line":140,"column":8},"end":{"line":150,"column":9}},{"start":{"line":140,"column":8},"end":{"line":150,"column":9}}]},"9":{"loc":{"start":{"line":160,"column":12},"end":{"line":161,"column":29}},"type":"switch","locations":[{"start":{"line":160,"column":12},"end":{"line":161,"column":29}},{"start":{"line":163,"column":12},"end":{"line":164,"column":30}},{"start":{"line":166,"column":12},"end":{"line":167,"column":27}},{"start":{"line":169,"column":12},"end":{"line":170,"column":27}},{"start":{"line":172,"column":12},"end":{"line":173,"column":25}},{"start":{"line":175,"column":12},"end":{"line":176,"column":26}},{"start":{"line":178,"column":12},"end":{"line":179,"column":26}},{"start":{"line":181,"column":12},"end":{"line":182,"column":28}},{"start":{"line":184,"column":12},"end":{"line":185,"column":31}},{"start":{"line":187,"column":12},"end":{"line":188,"column":29}},{"start":{"line":190,"column":12},"end":{"line":191,"column":30}},{"start":{"line":193,"column":12},"end":{"line":194,"column":30}}]},"10":{"loc":{"start":{"line":198,"column":23},"end":{"line":198,"column":50}},"type":"if","locations":[{"start":{"line":198,"column":23},"end":{"line":198,"column":50}},{"start":{"line":198,"column":23},"end":{"line":198,"column":50}}]},"11":{"loc":{"start":{"line":200,"column":8},"end":{"line":202,"column":9}},"type":"if","locations":[{"start":{"line":200,"column":8},"end":{"line":202,"column":9}},{"start":{"line":200,"column":8},"end":{"line":202,"column":9}}]},"12":{"loc":{"start":{"line":208,"column":16},"end":{"line":210,"column":17}},"type":"if","locations":[{"start":{"line":208,"column":16},"end":{"line":210,"column":17}},{"start":{"line":208,"column":16},"end":{"line":210,"column":17}}]}},"s":{"0":1,"1":13,"2":13,"3":13,"4":13,"5":13,"6":13,"7":0,"8":0,"9":13,"10":13,"11":0,"12":0,"13":0,"14":13,"15":13,"16":13,"17":13,"18":13,"19":13,"20":1,"21":6,"22":1,"23":3,"24":1,"25":13,"26":13,"27":1,"28":13,"29":13,"30":1,"31":13,"32":13,"33":13,"34":13,"35":77,"36":13,"37":13,"38":13,"39":64,"40":13,"41":13,"42":14,"43":14,"44":13,"45":13,"46":61,"47":61,"48":383,"49":11,"50":372,"51":372,"52":61,"53":13,"54":11,"55":55,"56":13,"57":1,"58":2,"59":2,"60":2,"61":2,"62":1,"63":1,"64":1,"65":1,"66":2,"67":1,"68":2,"69":2,"70":2,"71":1,"72":1,"73":1,"74":1,"75":1,"76":1,"77":1,"78":1,"79":2,"80":2,"81":2,"82":1,"83":14,"84":0,"85":1,"86":2,"87":1,"88":0,"89":0,"90":0,"91":0,"92":0,"93":0,"94":0,"95":7,"96":1,"97":0,"98":0,"99":0,"100":0,"101":0,"102":0,"103":0,"104":0,"105":1,"106":1},"f":{"0":1,"1":13,"2":6,"3":3,"4":13,"5":13,"6":13,"7":2,"8":2,"9":14,"10":0},"b":{"0":[0,13],"1":[0,13],"2":[0,13],"3":[0,13],"4":[13,64],"5":[11,372],"6":[11,2],"7":[1,1],"8":[1,1],"9":[0,1,2,1,0,0,0,0,0,0,0,7],"10":[0,0],"11":[0,0],"12":[0,0]}}
}
