{"/Users/dsylvester/projects/davis/node/calendar-lib/app/src/CalendarLib.js": {"path":"/Users/dsylvester/projects/davis/node/calendar-lib/app/src/CalendarLib.js","statementMap":{"0":{"start":{"line":2,"column":0},"end":{"line":2,"column":62}},"1":{"start":{"line":3,"column":30},"end":{"line":159,"column":3}},"2":{"start":{"line":5,"column":8},"end":{"line":5,"column":45}},"3":{"start":{"line":5,"column":31},"end":{"line":5,"column":43}},"4":{"start":{"line":6,"column":8},"end":{"line":6,"column":47}},"5":{"start":{"line":6,"column":32},"end":{"line":6,"column":45}},"6":{"start":{"line":7,"column":8},"end":{"line":7,"column":32}},"7":{"start":{"line":8,"column":8},"end":{"line":8,"column":44}},"8":{"start":{"line":9,"column":8},"end":{"line":9,"column":44}},"9":{"start":{"line":10,"column":8},"end":{"line":16,"column":9}},"10":{"start":{"line":11,"column":12},"end":{"line":11,"column":44}},"11":{"start":{"line":12,"column":12},"end":{"line":12,"column":36}},"12":{"start":{"line":15,"column":12},"end":{"line":15,"column":36}},"13":{"start":{"line":17,"column":8},"end":{"line":25,"column":9}},"14":{"start":{"line":18,"column":12},"end":{"line":18,"column":42}},"15":{"start":{"line":19,"column":12},"end":{"line":19,"column":38}},"16":{"start":{"line":20,"column":12},"end":{"line":20,"column":66}},"17":{"start":{"line":23,"column":12},"end":{"line":23,"column":42}},"18":{"start":{"line":24,"column":12},"end":{"line":24,"column":66}},"19":{"start":{"line":26,"column":8},"end":{"line":26,"column":84}},"20":{"start":{"line":27,"column":8},"end":{"line":27,"column":100}},"21":{"start":{"line":28,"column":8},"end":{"line":28,"column":57}},"22":{"start":{"line":29,"column":8},"end":{"line":29,"column":57}},"23":{"start":{"line":31,"column":4},"end":{"line":37,"column":7}},"24":{"start":{"line":33,"column":12},"end":{"line":33,"column":41}},"25":{"start":{"line":38,"column":4},"end":{"line":44,"column":7}},"26":{"start":{"line":40,"column":12},"end":{"line":40,"column":36}},"27":{"start":{"line":45,"column":4},"end":{"line":48,"column":6}},"28":{"start":{"line":46,"column":16},"end":{"line":46,"column":44}},"29":{"start":{"line":47,"column":8},"end":{"line":47,"column":35}},"30":{"start":{"line":49,"column":4},"end":{"line":52,"column":6}},"31":{"start":{"line":50,"column":18},"end":{"line":50,"column":51}},"32":{"start":{"line":51,"column":8},"end":{"line":51,"column":19}},"33":{"start":{"line":53,"column":4},"end":{"line":93,"column":6}},"34":{"start":{"line":54,"column":30},"end":{"line":54,"column":31}},"35":{"start":{"line":55,"column":22},"end":{"line":55,"column":23}},"36":{"start":{"line":56,"column":25},"end":{"line":56,"column":26}},"37":{"start":{"line":57,"column":8},"end":{"line":66,"column":9}},"38":{"start":{"line":58,"column":12},"end":{"line":65,"column":13}},"39":{"start":{"line":59,"column":16},"end":{"line":59,"column":55}},"40":{"start":{"line":60,"column":16},"end":{"line":60,"column":29}},"41":{"start":{"line":61,"column":16},"end":{"line":61,"column":22}},"42":{"start":{"line":64,"column":16},"end":{"line":64,"column":52}},"43":{"start":{"line":69,"column":34},"end":{"line":69,"column":62}},"44":{"start":{"line":70,"column":8},"end":{"line":73,"column":9}},"45":{"start":{"line":71,"column":12},"end":{"line":71,"column":51}},"46":{"start":{"line":72,"column":12},"end":{"line":72,"column":25}},"47":{"start":{"line":74,"column":8},"end":{"line":74,"column":58}},"48":{"start":{"line":75,"column":8},"end":{"line":86,"column":9}},"49":{"start":{"line":76,"column":31},"end":{"line":76,"column":33}},"50":{"start":{"line":77,"column":12},"end":{"line":84,"column":13}},"51":{"start":{"line":79,"column":16},"end":{"line":81,"column":17}},"52":{"start":{"line":80,"column":20},"end":{"line":80,"column":26}},"53":{"start":{"line":82,"column":16},"end":{"line":82,"column":46}},"54":{"start":{"line":83,"column":16},"end":{"line":83,"column":29}},"55":{"start":{"line":85,"column":12},"end":{"line":85,"column":53}},"56":{"start":{"line":87,"column":8},"end":{"line":91,"column":9}},"57":{"start":{"line":88,"column":12},"end":{"line":90,"column":13}},"58":{"start":{"line":89,"column":16},"end":{"line":89,"column":80}},"59":{"start":{"line":92,"column":8},"end":{"line":92,"column":37}},"60":{"start":{"line":94,"column":4},"end":{"line":102,"column":6}},"61":{"start":{"line":95,"column":23},"end":{"line":95,"column":44}},"62":{"start":{"line":96,"column":22},"end":{"line":96,"column":38}},"63":{"start":{"line":97,"column":8},"end":{"line":100,"column":9}},"64":{"start":{"line":98,"column":12},"end":{"line":98,"column":25}},"65":{"start":{"line":99,"column":12},"end":{"line":99,"column":22}},"66":{"start":{"line":101,"column":8},"end":{"line":101,"column":47}},"67":{"start":{"line":103,"column":4},"end":{"line":115,"column":6}},"68":{"start":{"line":104,"column":23},"end":{"line":104,"column":40}},"69":{"start":{"line":105,"column":22},"end":{"line":105,"column":38}},"70":{"start":{"line":106,"column":8},"end":{"line":113,"column":9}},"71":{"start":{"line":107,"column":12},"end":{"line":107,"column":49}},"72":{"start":{"line":108,"column":12},"end":{"line":108,"column":26}},"73":{"start":{"line":109,"column":12},"end":{"line":109,"column":22}},"74":{"start":{"line":110,"column":12},"end":{"line":110,"column":66}},"75":{"start":{"line":111,"column":12},"end":{"line":111,"column":49}},"76":{"start":{"line":112,"column":12},"end":{"line":112,"column":52}},"77":{"start":{"line":114,"column":8},"end":{"line":114,"column":47}},"78":{"start":{"line":116,"column":4},"end":{"line":143,"column":6}},"79":{"start":{"line":117,"column":8},"end":{"line":142,"column":9}},"80":{"start":{"line":119,"column":16},"end":{"line":119,"column":33}},"81":{"start":{"line":121,"column":16},"end":{"line":121,"column":34}},"82":{"start":{"line":123,"column":16},"end":{"line":123,"column":31}},"83":{"start":{"line":125,"column":16},"end":{"line":125,"column":31}},"84":{"start":{"line":127,"column":16},"end":{"line":127,"column":29}},"85":{"start":{"line":129,"column":16},"end":{"line":129,"column":30}},"86":{"start":{"line":131,"column":16},"end":{"line":131,"column":30}},"87":{"start":{"line":133,"column":16},"end":{"line":133,"column":32}},"88":{"start":{"line":135,"column":16},"end":{"line":135,"column":35}},"89":{"start":{"line":137,"column":16},"end":{"line":137,"column":33}},"90":{"start":{"line":139,"column":16},"end":{"line":139,"column":34}},"91":{"start":{"line":141,"column":16},"end":{"line":141,"column":34}},"92":{"start":{"line":144,"column":4},"end":{"line":157,"column":6}},"93":{"start":{"line":145,"column":8},"end":{"line":145,"column":61}},"94":{"start":{"line":145,"column":39},"end":{"line":145,"column":59}},"95":{"start":{"line":146,"column":8},"end":{"line":148,"column":9}},"96":{"start":{"line":147,"column":12},"end":{"line":147,"column":48}},"97":{"start":{"line":149,"column":8},"end":{"line":155,"column":9}},"98":{"start":{"line":150,"column":12},"end":{"line":154,"column":13}},"99":{"start":{"line":151,"column":16},"end":{"line":153,"column":17}},"100":{"start":{"line":152,"column":20},"end":{"line":152,"column":52}},"101":{"start":{"line":156,"column":8},"end":{"line":156,"column":20}},"102":{"start":{"line":158,"column":4},"end":{"line":158,"column":20}},"103":{"start":{"line":160,"column":0},"end":{"line":160,"column":28}}},"fnMap":{"0":{"name":"(anonymous_0)","decl":{"start":{"line":3,"column":30},"end":{"line":3,"column":31}},"loc":{"start":{"line":3,"column":42},"end":{"line":159,"column":1}},"line":3},"1":{"name":"Calendar","decl":{"start":{"line":4,"column":13},"end":{"line":4,"column":21}},"loc":{"start":{"line":4,"column":35},"end":{"line":30,"column":5}},"line":4},"2":{"name":"(anonymous_2)","decl":{"start":{"line":32,"column":13},"end":{"line":32,"column":14}},"loc":{"start":{"line":32,"column":25},"end":{"line":34,"column":9}},"line":32},"3":{"name":"(anonymous_3)","decl":{"start":{"line":39,"column":13},"end":{"line":39,"column":14}},"loc":{"start":{"line":39,"column":25},"end":{"line":41,"column":9}},"line":39},"4":{"name":"(anonymous_4)","decl":{"start":{"line":45,"column":48},"end":{"line":45,"column":49}},"loc":{"start":{"line":45,"column":71},"end":{"line":48,"column":5}},"line":45},"5":{"name":"(anonymous_5)","decl":{"start":{"line":49,"column":44},"end":{"line":49,"column":45}},"loc":{"start":{"line":49,"column":56},"end":{"line":52,"column":5}},"line":49},"6":{"name":"(anonymous_6)","decl":{"start":{"line":53,"column":43},"end":{"line":53,"column":44}},"loc":{"start":{"line":53,"column":55},"end":{"line":93,"column":5}},"line":53},"7":{"name":"(anonymous_7)","decl":{"start":{"line":94,"column":30},"end":{"line":94,"column":31}},"loc":{"start":{"line":94,"column":42},"end":{"line":102,"column":5}},"line":94},"8":{"name":"(anonymous_8)","decl":{"start":{"line":103,"column":34},"end":{"line":103,"column":35}},"loc":{"start":{"line":103,"column":46},"end":{"line":115,"column":5}},"line":103},"9":{"name":"(anonymous_9)","decl":{"start":{"line":116,"column":38},"end":{"line":116,"column":39}},"loc":{"start":{"line":116,"column":55},"end":{"line":143,"column":5}},"line":116},"10":{"name":"(anonymous_10)","decl":{"start":{"line":144,"column":37},"end":{"line":144,"column":38}},"loc":{"start":{"line":144,"column":61},"end":{"line":157,"column":5}},"line":144}},"branchMap":{"0":{"loc":{"start":{"line":5,"column":8},"end":{"line":5,"column":45}},"type":"if","locations":[{"start":{"line":5,"column":8},"end":{"line":5,"column":45}},{"start":{"line":5,"column":8},"end":{"line":5,"column":45}}],"line":5},"1":{"loc":{"start":{"line":6,"column":8},"end":{"line":6,"column":47}},"type":"if","locations":[{"start":{"line":6,"column":8},"end":{"line":6,"column":47}},{"start":{"line":6,"column":8},"end":{"line":6,"column":47}}],"line":6},"2":{"loc":{"start":{"line":10,"column":8},"end":{"line":16,"column":9}},"type":"if","locations":[{"start":{"line":10,"column":8},"end":{"line":16,"column":9}},{"start":{"line":10,"column":8},"end":{"line":16,"column":9}}],"line":10},"3":{"loc":{"start":{"line":17,"column":8},"end":{"line":25,"column":9}},"type":"if","locations":[{"start":{"line":17,"column":8},"end":{"line":25,"column":9}},{"start":{"line":17,"column":8},"end":{"line":25,"column":9}}],"line":17},"4":{"loc":{"start":{"line":58,"column":12},"end":{"line":65,"column":13}},"type":"if","locations":[{"start":{"line":58,"column":12},"end":{"line":65,"column":13}},{"start":{"line":58,"column":12},"end":{"line":65,"column":13}}],"line":58},"5":{"loc":{"start":{"line":79,"column":16},"end":{"line":81,"column":17}},"type":"if","locations":[{"start":{"line":79,"column":16},"end":{"line":81,"column":17}},{"start":{"line":79,"column":16},"end":{"line":81,"column":17}}],"line":79},"6":{"loc":{"start":{"line":87,"column":8},"end":{"line":91,"column":9}},"type":"if","locations":[{"start":{"line":87,"column":8},"end":{"line":91,"column":9}},{"start":{"line":87,"column":8},"end":{"line":91,"column":9}}],"line":87},"7":{"loc":{"start":{"line":97,"column":8},"end":{"line":100,"column":9}},"type":"if","locations":[{"start":{"line":97,"column":8},"end":{"line":100,"column":9}},{"start":{"line":97,"column":8},"end":{"line":100,"column":9}}],"line":97},"8":{"loc":{"start":{"line":106,"column":8},"end":{"line":113,"column":9}},"type":"if","locations":[{"start":{"line":106,"column":8},"end":{"line":113,"column":9}},{"start":{"line":106,"column":8},"end":{"line":113,"column":9}}],"line":106},"9":{"loc":{"start":{"line":117,"column":8},"end":{"line":142,"column":9}},"type":"switch","locations":[{"start":{"line":118,"column":12},"end":{"line":119,"column":33}},{"start":{"line":120,"column":12},"end":{"line":121,"column":34}},{"start":{"line":122,"column":12},"end":{"line":123,"column":31}},{"start":{"line":124,"column":12},"end":{"line":125,"column":31}},{"start":{"line":126,"column":12},"end":{"line":127,"column":29}},{"start":{"line":128,"column":12},"end":{"line":129,"column":30}},{"start":{"line":130,"column":12},"end":{"line":131,"column":30}},{"start":{"line":132,"column":12},"end":{"line":133,"column":32}},{"start":{"line":134,"column":12},"end":{"line":135,"column":35}},{"start":{"line":136,"column":12},"end":{"line":137,"column":33}},{"start":{"line":138,"column":12},"end":{"line":139,"column":34}},{"start":{"line":140,"column":12},"end":{"line":141,"column":34}}],"line":117},"10":{"loc":{"start":{"line":145,"column":8},"end":{"line":145,"column":61}},"type":"if","locations":[{"start":{"line":145,"column":8},"end":{"line":145,"column":61}},{"start":{"line":145,"column":8},"end":{"line":145,"column":61}}],"line":145},"11":{"loc":{"start":{"line":146,"column":8},"end":{"line":148,"column":9}},"type":"if","locations":[{"start":{"line":146,"column":8},"end":{"line":148,"column":9}},{"start":{"line":146,"column":8},"end":{"line":148,"column":9}}],"line":146},"12":{"loc":{"start":{"line":151,"column":16},"end":{"line":153,"column":17}},"type":"if","locations":[{"start":{"line":151,"column":16},"end":{"line":153,"column":17}},{"start":{"line":151,"column":16},"end":{"line":153,"column":17}}],"line":151}},"s":{"0":1,"1":1,"2":3,"3":0,"4":3,"5":0,"6":3,"7":3,"8":3,"9":3,"10":0,"11":0,"12":3,"13":3,"14":0,"15":0,"16":0,"17":3,"18":3,"19":3,"20":3,"21":3,"22":3,"23":1,"24":1,"25":1,"26":0,"27":1,"28":3,"29":3,"30":1,"31":3,"32":3,"33":1,"34":3,"35":3,"36":3,"37":3,"38":21,"39":3,"40":3,"41":3,"42":18,"43":3,"44":3,"45":0,"46":0,"47":3,"48":3,"49":15,"50":15,"51":93,"52":3,"53":90,"54":90,"55":15,"56":3,"57":3,"58":15,"59":3,"60":1,"61":1,"62":1,"63":1,"64":1,"65":1,"66":1,"67":1,"68":0,"69":0,"70":0,"71":0,"72":0,"73":0,"74":0,"75":0,"76":0,"77":0,"78":1,"79":3,"80":0,"81":0,"82":0,"83":0,"84":0,"85":0,"86":0,"87":0,"88":0,"89":0,"90":0,"91":2,"92":1,"93":0,"94":0,"95":0,"96":0,"97":0,"98":0,"99":0,"100":0,"101":0,"102":1,"103":1},"f":{"0":1,"1":3,"2":1,"3":0,"4":3,"5":3,"6":3,"7":1,"8":0,"9":3,"10":0},"b":{"0":[0,3],"1":[0,3],"2":[0,3],"3":[0,3],"4":[3,18],"5":[3,90],"6":[3,0],"7":[1,0],"8":[0,0],"9":[0,0,0,0,0,0,0,0,0,0,0,2],"10":[0,0],"11":[0,0],"12":[0,0]},"_coverageSchema":"332fd63041d2c1bcb487cc26dd0d5f7d97098a6c","hash":"e249d40af4697fdabe54314a5eea44393a4adf01"}
,"/Users/dsylvester/projects/davis/node/calendar-lib/src/CalendarLib.ts": {"path":"/Users/dsylvester/projects/davis/node/calendar-lib/src/CalendarLib.ts","statementMap":{"0":{"start":{"line":3,"column":0},"end":{"line":208,"column":0}},"1":{"start":{"line":26,"column":16},"end":{"line":26,"column":35}},"2":{"start":{"line":26,"column":37},"end":{"line":26,"column":57}},"3":{"start":{"line":5,"column":12},"end":{"line":5,"column":37}},"4":{"start":{"line":12,"column":12},"end":{"line":12,"column":66}},"5":{"start":{"line":24,"column":11},"end":{"line":24,"column":79}},"6":{"start":{"line":29,"column":8},"end":{"line":34,"column":9}},"7":{"start":{"line":30,"column":12},"end":{"line":30,"column":44}},"8":{"start":{"line":31,"column":12},"end":{"line":31,"column":36}},"9":{"start":{"line":33,"column":12},"end":{"line":33,"column":36}},"10":{"start":{"line":36,"column":8},"end":{"line":46,"column":9}},"11":{"start":{"line":37,"column":12},"end":{"line":37,"column":42}},"12":{"start":{"line":38,"column":12},"end":{"line":38,"column":38}},"13":{"start":{"line":39,"column":12},"end":{"line":39,"column":66}},"14":{"start":{"line":43,"column":12},"end":{"line":43,"column":42}},"15":{"start":{"line":44,"column":12},"end":{"line":44,"column":66}},"16":{"start":{"line":48,"column":8},"end":{"line":48,"column":84}},"17":{"start":{"line":50,"column":8},"end":{"line":50,"column":100}},"18":{"start":{"line":51,"column":8},"end":{"line":51,"column":57}},"19":{"start":{"line":53,"column":8},"end":{"line":53,"column":57}},"20":{"start":{"line":15,"column":4},"end":{"line":17,"column":5}},"21":{"start":{"line":16,"column":8},"end":{"line":16,"column":37}},"22":{"start":{"line":19,"column":4},"end":{"line":21,"column":5}},"23":{"start":{"line":20,"column":8},"end":{"line":20,"column":32}},"24":{"start":{"line":58,"column":11},"end":{"line":61,"column":5}},"25":{"start":{"line":59,"column":17},"end":{"line":59,"column":45}},"26":{"start":{"line":60,"column":8},"end":{"line":60,"column":35}},"27":{"start":{"line":63,"column":11},"end":{"line":66,"column":5}},"28":{"start":{"line":64,"column":18},"end":{"line":64,"column":51}},"29":{"start":{"line":65,"column":8},"end":{"line":65,"column":19}},"30":{"start":{"line":68,"column":12},"end":{"line":115,"column":5}},"31":{"start":{"line":69,"column":30},"end":{"line":69,"column":31}},"32":{"start":{"line":70,"column":22},"end":{"line":70,"column":23}},"33":{"start":{"line":71,"column":25},"end":{"line":71,"column":26}},"34":{"start":{"line":73,"column":8},"end":{"line":82,"column":9}},"35":{"start":{"line":74,"column":12},"end":{"line":81,"column":13}},"36":{"start":{"line":75,"column":16},"end":{"line":75,"column":55}},"37":{"start":{"line":76,"column":16},"end":{"line":76,"column":29}},"38":{"start":{"line":77,"column":16},"end":{"line":77,"column":22}},"39":{"start":{"line":80,"column":16},"end":{"line":80,"column":52}},"40":{"start":{"line":86,"column":33},"end":{"line":86,"column":61}},"41":{"start":{"line":88,"column":7},"end":{"line":91,"column":8}},"42":{"start":{"line":89,"column":11},"end":{"line":89,"column":50}},"43":{"start":{"line":90,"column":11},"end":{"line":90,"column":24}},"44":{"start":{"line":93,"column":7},"end":{"line":93,"column":57}},"45":{"start":{"line":95,"column":7},"end":{"line":107,"column":8}},"46":{"start":{"line":96,"column":46},"end":{"line":96,"column":48}},"47":{"start":{"line":98,"column":12},"end":{"line":105,"column":13}},"48":{"start":{"line":100,"column":16},"end":{"line":102,"column":17}},"49":{"start":{"line":101,"column":20},"end":{"line":101,"column":26}},"50":{"start":{"line":103,"column":16},"end":{"line":103,"column":46}},"51":{"start":{"line":104,"column":16},"end":{"line":104,"column":29}},"52":{"start":{"line":106,"column":12},"end":{"line":106,"column":53}},"53":{"start":{"line":108,"column":7},"end":{"line":113,"column":8}},"54":{"start":{"line":109,"column":11},"end":{"line":112,"column":12}},"55":{"start":{"line":111,"column":15},"end":{"line":111,"column":79}},"56":{"start":{"line":114,"column":7},"end":{"line":114,"column":36}},"57":{"start":{"line":117,"column":11},"end":{"line":128,"column":5}},"58":{"start":{"line":118,"column":23},"end":{"line":118,"column":44}},"59":{"start":{"line":119,"column":22},"end":{"line":119,"column":38}},"60":{"start":{"line":122,"column":8},"end":{"line":125,"column":9}},"61":{"start":{"line":123,"column":12},"end":{"line":123,"column":25}},"62":{"start":{"line":124,"column":12},"end":{"line":124,"column":22}},"63":{"start":{"line":127,"column":8},"end":{"line":127,"column":47}},"64":{"start":{"line":130,"column":11},"end":{"line":146,"column":5}},"65":{"start":{"line":132,"column":23},"end":{"line":132,"column":40}},"66":{"start":{"line":133,"column":22},"end":{"line":133,"column":38}},"67":{"start":{"line":136,"column":8},"end":{"line":143,"column":9}},"68":{"start":{"line":137,"column":12},"end":{"line":137,"column":49}},"69":{"start":{"line":138,"column":12},"end":{"line":138,"column":26}},"70":{"start":{"line":139,"column":12},"end":{"line":139,"column":22}},"71":{"start":{"line":140,"column":12},"end":{"line":140,"column":66}},"72":{"start":{"line":141,"column":12},"end":{"line":141,"column":49}},"73":{"start":{"line":142,"column":12},"end":{"line":142,"column":53}},"74":{"start":{"line":145,"column":8},"end":{"line":145,"column":47}},"75":{"start":{"line":148,"column":12},"end":{"line":187,"column":5}},"76":{"start":{"line":150,"column":8},"end":{"line":186,"column":9}},"77":{"start":{"line":152,"column":12},"end":{"line":152,"column":29}},"78":{"start":{"line":155,"column":12},"end":{"line":155,"column":30}},"79":{"start":{"line":158,"column":12},"end":{"line":158,"column":27}},"80":{"start":{"line":161,"column":12},"end":{"line":161,"column":27}},"81":{"start":{"line":164,"column":12},"end":{"line":164,"column":25}},"82":{"start":{"line":167,"column":12},"end":{"line":167,"column":26}},"83":{"start":{"line":170,"column":12},"end":{"line":170,"column":26}},"84":{"start":{"line":173,"column":12},"end":{"line":173,"column":28}},"85":{"start":{"line":176,"column":12},"end":{"line":176,"column":31}},"86":{"start":{"line":179,"column":12},"end":{"line":179,"column":29}},"87":{"start":{"line":182,"column":12},"end":{"line":182,"column":30}},"88":{"start":{"line":185,"column":12},"end":{"line":185,"column":30}},"89":{"start":{"line":189,"column":11},"end":{"line":206,"column":5}},"90":{"start":{"line":189,"column":23},"end":{"line":189,"column":50}},"91":{"start":{"line":191,"column":8},"end":{"line":193,"column":9}},"92":{"start":{"line":192,"column":12},"end":{"line":192,"column":48}},"93":{"start":{"line":195,"column":8},"end":{"line":203,"column":9}},"94":{"start":{"line":197,"column":12},"end":{"line":202,"column":13}},"95":{"start":{"line":199,"column":16},"end":{"line":201,"column":17}},"96":{"start":{"line":200,"column":20},"end":{"line":200,"column":52}},"97":{"start":{"line":205,"column":8},"end":{"line":205,"column":20}},"98":{"start":{"line":208,"column":0},"end":{"line":208,"column":1}},"99":{"start":{"line":3,"column":13},"end":{"line":3,"column":21}}},"fnMap":{"0":{"name":"(anonymous_0)","decl":{"start":{"line":3,"column":0},"end":{"line":null,"column":-1}},"loc":{"start":{"line":3,"column":0},"end":{"line":3,"column":-1}}},"1":{"name":"Calendar","decl":{"start":{"line":26,"column":4},"end":{"line":26,"column":15}},"loc":{"start":{"line":26,"column":57},"end":{"line":55,"column":5}}},"2":{"name":"(anonymous_2)","decl":{"start":{"line":15,"column":4},"end":{"line":null,"column":-1}},"loc":{"start":{"line":15,"column":4},"end":{"line":17,"column":5}}},"3":{"name":"(anonymous_3)","decl":{"start":{"line":19,"column":4},"end":{"line":null,"column":-1}},"loc":{"start":{"line":19,"column":4},"end":{"line":21,"column":5}}},"4":{"name":"(anonymous_4)","decl":{"start":{"line":58,"column":4},"end":{"line":58,"column":33}},"loc":{"start":{"line":58,"column":61},"end":{"line":61,"column":5}}},"5":{"name":"(anonymous_5)","decl":{"start":{"line":63,"column":4},"end":{"line":null,"column":-1}},"loc":{"start":{"line":63,"column":4},"end":{"line":66,"column":5}}},"6":{"name":"(anonymous_6)","decl":{"start":{"line":68,"column":4},"end":{"line":null,"column":-1}},"loc":{"start":{"line":68,"column":4},"end":{"line":115,"column":5}}},"7":{"name":"(anonymous_7)","decl":{"start":{"line":117,"column":4},"end":{"line":null,"column":-1}},"loc":{"start":{"line":117,"column":4},"end":{"line":128,"column":5}}},"8":{"name":"(anonymous_8)","decl":{"start":{"line":130,"column":4},"end":{"line":null,"column":-1}},"loc":{"start":{"line":130,"column":4},"end":{"line":146,"column":5}}},"9":{"name":"(anonymous_9)","decl":{"start":{"line":148,"column":4},"end":{"line":148,"column":24}},"loc":{"start":{"line":148,"column":38},"end":{"line":187,"column":5}}},"10":{"name":"(anonymous_10)","decl":{"start":{"line":189,"column":4},"end":{"line":189,"column":22}},"loc":{"start":{"line":189,"column":50},"end":{"line":206,"column":5}}}},"branchMap":{"0":{"loc":{"start":{"line":26,"column":16},"end":{"line":26,"column":35}},"type":"if","locations":[{"start":{"line":26,"column":16},"end":{"line":26,"column":35}},{"start":{"line":26,"column":16},"end":{"line":26,"column":35}}]},"1":{"loc":{"start":{"line":26,"column":37},"end":{"line":26,"column":57}},"type":"if","locations":[{"start":{"line":26,"column":37},"end":{"line":26,"column":57}},{"start":{"line":26,"column":37},"end":{"line":26,"column":57}}]},"2":{"loc":{"start":{"line":29,"column":8},"end":{"line":34,"column":9}},"type":"if","locations":[{"start":{"line":29,"column":8},"end":{"line":34,"column":9}},{"start":{"line":29,"column":8},"end":{"line":34,"column":9}}]},"3":{"loc":{"start":{"line":36,"column":8},"end":{"line":46,"column":9}},"type":"if","locations":[{"start":{"line":36,"column":8},"end":{"line":46,"column":9}},{"start":{"line":36,"column":8},"end":{"line":46,"column":9}}]},"4":{"loc":{"start":{"line":74,"column":12},"end":{"line":81,"column":13}},"type":"if","locations":[{"start":{"line":74,"column":12},"end":{"line":81,"column":13}},{"start":{"line":74,"column":12},"end":{"line":81,"column":13}}]},"5":{"loc":{"start":{"line":100,"column":16},"end":{"line":102,"column":17}},"type":"if","locations":[{"start":{"line":100,"column":16},"end":{"line":102,"column":17}},{"start":{"line":100,"column":16},"end":{"line":102,"column":17}}]},"6":{"loc":{"start":{"line":108,"column":7},"end":{"line":113,"column":8}},"type":"if","locations":[{"start":{"line":108,"column":7},"end":{"line":113,"column":8}},{"start":{"line":108,"column":7},"end":{"line":113,"column":8}}]},"7":{"loc":{"start":{"line":122,"column":8},"end":{"line":125,"column":9}},"type":"if","locations":[{"start":{"line":122,"column":8},"end":{"line":125,"column":9}},{"start":{"line":122,"column":8},"end":{"line":125,"column":9}}]},"8":{"loc":{"start":{"line":136,"column":8},"end":{"line":143,"column":9}},"type":"if","locations":[{"start":{"line":136,"column":8},"end":{"line":143,"column":9}},{"start":{"line":136,"column":8},"end":{"line":143,"column":9}}]},"9":{"loc":{"start":{"line":151,"column":12},"end":{"line":152,"column":29}},"type":"switch","locations":[{"start":{"line":151,"column":12},"end":{"line":152,"column":29}},{"start":{"line":154,"column":12},"end":{"line":155,"column":30}},{"start":{"line":157,"column":12},"end":{"line":158,"column":27}},{"start":{"line":160,"column":12},"end":{"line":161,"column":27}},{"start":{"line":163,"column":12},"end":{"line":164,"column":25}},{"start":{"line":166,"column":12},"end":{"line":167,"column":26}},{"start":{"line":169,"column":12},"end":{"line":170,"column":26}},{"start":{"line":172,"column":12},"end":{"line":173,"column":28}},{"start":{"line":175,"column":12},"end":{"line":176,"column":31}},{"start":{"line":178,"column":12},"end":{"line":179,"column":29}},{"start":{"line":181,"column":12},"end":{"line":182,"column":30}},{"start":{"line":184,"column":12},"end":{"line":185,"column":30}}]},"10":{"loc":{"start":{"line":189,"column":23},"end":{"line":189,"column":50}},"type":"if","locations":[{"start":{"line":189,"column":23},"end":{"line":189,"column":50}},{"start":{"line":189,"column":23},"end":{"line":189,"column":50}}]},"11":{"loc":{"start":{"line":191,"column":8},"end":{"line":193,"column":9}},"type":"if","locations":[{"start":{"line":191,"column":8},"end":{"line":193,"column":9}},{"start":{"line":191,"column":8},"end":{"line":193,"column":9}}]},"12":{"loc":{"start":{"line":199,"column":16},"end":{"line":201,"column":17}},"type":"if","locations":[{"start":{"line":199,"column":16},"end":{"line":201,"column":17}},{"start":{"line":199,"column":16},"end":{"line":201,"column":17}}]}},"s":{"0":1,"1":3,"2":3,"3":3,"4":3,"5":3,"6":3,"7":0,"8":0,"9":3,"10":3,"11":0,"12":0,"13":0,"14":3,"15":3,"16":3,"17":3,"18":3,"19":3,"20":1,"21":1,"22":1,"23":0,"24":1,"25":3,"26":3,"27":1,"28":3,"29":3,"30":1,"31":3,"32":3,"33":3,"34":3,"35":21,"36":3,"37":3,"38":3,"39":18,"40":3,"41":3,"42":0,"43":0,"44":3,"45":3,"46":15,"47":15,"48":93,"49":3,"50":90,"51":90,"52":15,"53":3,"54":3,"55":15,"56":3,"57":1,"58":1,"59":1,"60":1,"61":1,"62":1,"63":1,"64":1,"65":0,"66":0,"67":0,"68":0,"69":0,"70":0,"71":0,"72":0,"73":0,"74":0,"75":1,"76":3,"77":0,"78":0,"79":0,"80":0,"81":0,"82":0,"83":0,"84":0,"85":0,"86":0,"87":0,"88":2,"89":1,"90":0,"91":0,"92":0,"93":0,"94":0,"95":0,"96":0,"97":0,"98":1,"99":1},"f":{"0":1,"1":3,"2":1,"3":0,"4":3,"5":3,"6":3,"7":1,"8":0,"9":3,"10":0},"b":{"0":[0,3],"1":[0,3],"2":[0,3],"3":[0,3],"4":[3,18],"5":[3,90],"6":[3,0],"7":[1,0],"8":[0,0],"9":[0,0,0,0,0,0,0,0,0,0,0,2],"10":[0,0],"11":[0,0],"12":[0,0]}}
}
