TN:
SF:C:\projects\davis\Javascript\calendar-lib\src\CalendarLib.ts
FN:3,(anonymous_0)
FN:26,Calendar
FN:15,(anonymous_2)
FN:19,(anonymous_3)
FN:65,(anonymous_4)
FN:70,(anonymous_5)
FN:75,(anonymous_6)
FN:123,(anonymous_7)
FN:142,(anonymous_8)
FN:166,(anonymous_9)
FN:207,(anonymous_10)
FNF:11
FNH:10
FNDA:1,(anonymous_0)
FNDA:16,Calendar
FNDA:4,(anonymous_2)
FNDA:2,(anonymous_3)
FNDA:16,(anonymous_4)
FNDA:16,(anonymous_5)
FNDA:16,(anonymous_6)
FNDA:2,(anonymous_7)
FNDA:3,(anonymous_8)
FNDA:17,(anonymous_9)
FNDA:0,(anonymous_10)
DA:3,1
DA:5,16
DA:12,16
DA:15,1
DA:16,4
DA:19,1
DA:20,2
DA:24,16
DA:26,27
DA:28,16
DA:29,11
DA:30,0
DA:31,0
DA:33,11
DA:36,11
DA:37,0
DA:38,0
DA:39,0
DA:43,11
DA:44,11
DA:50,5
DA:51,5
DA:52,5
DA:55,16
DA:57,16
DA:58,16
DA:60,16
DA:65,1
DA:66,16
DA:67,16
DA:70,1
DA:71,16
DA:72,16
DA:75,1
DA:76,16
DA:77,16
DA:78,16
DA:80,16
DA:81,84
DA:82,16
DA:83,16
DA:84,16
DA:87,68
DA:93,16
DA:95,16
DA:96,28
DA:97,28
DA:100,16
DA:102,16
DA:103,72
DA:105,72
DA:107,461
DA:108,13
DA:110,448
DA:111,448
DA:113,72
DA:115,16
DA:116,13
DA:117,56
DA:120,16
DA:123,1
DA:124,2
DA:125,2
DA:127,2
DA:130,2
DA:131,1
DA:132,1
DA:133,1
DA:134,1
DA:136,1
DA:139,1
DA:142,1
DA:144,3
DA:145,3
DA:148,3
DA:150,1
DA:151,1
DA:152,1
DA:153,1
DA:155,1
DA:157,1
DA:160,2
DA:161,2
DA:162,2
DA:163,2
DA:166,1
DA:168,17
DA:170,2
DA:173,1
DA:176,3
DA:179,1
DA:182,1
DA:185,0
DA:188,0
DA:191,0
DA:194,0
DA:197,0
DA:200,0
DA:203,9
DA:207,1
DA:209,0
DA:210,0
DA:213,0
DA:215,0
DA:217,0
DA:218,0
DA:223,0
DA:226,1
LF:108
LH:90
BRDA:26,0,0,0
BRDA:26,0,1,16
BRDA:26,1,0,0
BRDA:26,1,1,16
BRDA:26,2,0,11
BRDA:26,2,1,5
BRDA:28,3,0,11
BRDA:28,3,1,5
BRDA:29,4,0,0
BRDA:29,4,1,11
BRDA:36,5,0,0
BRDA:36,5,1,11
BRDA:81,6,0,16
BRDA:81,6,1,68
BRDA:107,7,0,13
BRDA:107,7,1,448
BRDA:115,8,0,13
BRDA:115,8,1,3
BRDA:130,9,0,1
BRDA:130,9,1,1
BRDA:148,10,0,1
BRDA:148,10,1,2
BRDA:169,11,0,2
BRDA:169,11,1,1
BRDA:169,11,2,3
BRDA:169,11,3,1
BRDA:169,11,4,1
BRDA:169,11,5,0
BRDA:169,11,6,0
BRDA:169,11,7,0
BRDA:169,11,8,0
BRDA:169,11,9,0
BRDA:169,11,10,0
BRDA:169,11,11,9
BRDA:207,12,0,0
BRDA:207,12,1,0
BRDA:209,13,0,0
BRDA:209,13,1,0
BRDA:217,14,0,0
BRDA:217,14,1,0
BRF:40
BRH:24
end_of_record
