TN:
SF:/Users/dsylvester/projects/davis/node/calendar-lib/app/src/CalendarLib.js
FN:3,(anonymous_0)
FN:4,Calendar
FN:32,(anonymous_2)
FN:39,(anonymous_3)
FN:45,(anonymous_4)
FN:49,(anonymous_5)
FN:53,(anonymous_6)
FN:94,(anonymous_7)
FN:103,(anonymous_8)
FN:116,(anonymous_9)
FN:144,(anonymous_10)
FNF:11
FNH:8
FNDA:1,(anonymous_0)
FNDA:3,Calendar
FNDA:1,(anonymous_2)
FNDA:0,(anonymous_3)
FNDA:3,(anonymous_4)
FNDA:3,(anonymous_5)
FNDA:3,(anonymous_6)
FNDA:1,(anonymous_7)
FNDA:0,(anonymous_8)
FNDA:3,(anonymous_9)
FNDA:0,(anonymous_10)
DA:2,1
DA:3,1
DA:5,3
DA:6,3
DA:7,3
DA:8,3
DA:9,3
DA:10,3
DA:11,0
DA:12,0
DA:15,3
DA:17,3
DA:18,0
DA:19,0
DA:20,0
DA:23,3
DA:24,3
DA:26,3
DA:27,3
DA:28,3
DA:29,3
DA:31,1
DA:33,1
DA:38,1
DA:40,0
DA:45,1
DA:46,3
DA:47,3
DA:49,1
DA:50,3
DA:51,3
DA:53,1
DA:54,3
DA:55,3
DA:56,3
DA:57,3
DA:58,21
DA:59,3
DA:60,3
DA:61,3
DA:64,18
DA:69,3
DA:70,3
DA:71,0
DA:72,0
DA:74,3
DA:75,3
DA:76,15
DA:77,15
DA:79,93
DA:80,3
DA:82,90
DA:83,90
DA:85,15
DA:87,3
DA:88,3
DA:89,15
DA:92,3
DA:94,1
DA:95,1
DA:96,1
DA:97,1
DA:98,1
DA:99,1
DA:101,1
DA:103,1
DA:104,0
DA:105,0
DA:106,0
DA:107,0
DA:108,0
DA:109,0
DA:110,0
DA:111,0
DA:112,0
DA:114,0
DA:116,1
DA:117,3
DA:119,0
DA:121,0
DA:123,0
DA:125,0
DA:127,0
DA:129,0
DA:131,0
DA:133,0
DA:135,0
DA:137,0
DA:139,0
DA:141,2
DA:144,1
DA:145,0
DA:146,0
DA:147,0
DA:149,0
DA:150,0
DA:151,0
DA:152,0
DA:156,0
DA:158,1
DA:160,1
LF:101
LH:64
BRDA:5,0,0,0
BRDA:5,0,1,3
BRDA:6,1,0,0
BRDA:6,1,1,3
BRDA:10,2,0,0
BRDA:10,2,1,3
BRDA:17,3,0,0
BRDA:17,3,1,3
BRDA:58,4,0,3
BRDA:58,4,1,18
BRDA:79,5,0,3
BRDA:79,5,1,90
BRDA:87,6,0,3
BRDA:87,6,1,0
BRDA:97,7,0,1
BRDA:97,7,1,0
BRDA:106,8,0,0
BRDA:106,8,1,0
BRDA:117,9,0,0
BRDA:117,9,1,0
BRDA:117,9,2,0
BRDA:117,9,3,0
BRDA:117,9,4,0
BRDA:117,9,5,0
BRDA:117,9,6,0
BRDA:117,9,7,0
BRDA:117,9,8,0
BRDA:117,9,9,0
BRDA:117,9,10,0
BRDA:117,9,11,2
BRDA:145,10,0,0
BRDA:145,10,1,0
BRDA:146,11,0,0
BRDA:146,11,1,0
BRDA:151,12,0,0
BRDA:151,12,1,0
BRF:36
BRH:11
end_of_record
TN:
SF:/Users/dsylvester/projects/davis/node/calendar-lib/src/CalendarLib.ts
FN:3,(anonymous_0)
FN:26,Calendar
FN:15,(anonymous_2)
FN:19,(anonymous_3)
FN:58,(anonymous_4)
FN:63,(anonymous_5)
FN:68,(anonymous_6)
FN:117,(anonymous_7)
FN:130,(anonymous_8)
FN:148,(anonymous_9)
FN:189,(anonymous_10)
FNF:11
FNH:8
FNDA:1,(anonymous_0)
FNDA:3,Calendar
FNDA:1,(anonymous_2)
FNDA:0,(anonymous_3)
FNDA:3,(anonymous_4)
FNDA:3,(anonymous_5)
FNDA:3,(anonymous_6)
FNDA:1,(anonymous_7)
FNDA:0,(anonymous_8)
FNDA:3,(anonymous_9)
FNDA:0,(anonymous_10)
DA:3,1
DA:5,3
DA:12,3
DA:15,1
DA:16,1
DA:19,1
DA:20,0
DA:24,3
DA:26,3
DA:29,3
DA:30,0
DA:31,0
DA:33,3
DA:36,3
DA:37,0
DA:38,0
DA:39,0
DA:43,3
DA:44,3
DA:48,3
DA:50,3
DA:51,3
DA:53,3
DA:58,1
DA:59,3
DA:60,3
DA:63,1
DA:64,3
DA:65,3
DA:68,1
DA:69,3
DA:70,3
DA:71,3
DA:73,3
DA:74,21
DA:75,3
DA:76,3
DA:77,3
DA:80,18
DA:86,3
DA:88,3
DA:89,0
DA:90,0
DA:93,3
DA:95,3
DA:96,15
DA:98,15
DA:100,93
DA:101,3
DA:103,90
DA:104,90
DA:106,15
DA:108,3
DA:109,3
DA:111,15
DA:114,3
DA:117,1
DA:118,1
DA:119,1
DA:122,1
DA:123,1
DA:124,1
DA:127,1
DA:130,1
DA:132,0
DA:133,0
DA:136,0
DA:137,0
DA:138,0
DA:139,0
DA:140,0
DA:141,0
DA:142,0
DA:145,0
DA:148,1
DA:150,3
DA:152,0
DA:155,0
DA:158,0
DA:161,0
DA:164,0
DA:167,0
DA:170,0
DA:173,0
DA:176,0
DA:179,0
DA:182,0
DA:185,2
DA:189,1
DA:191,0
DA:192,0
DA:195,0
DA:197,0
DA:199,0
DA:200,0
DA:205,0
DA:208,1
LF:97
LH:61
BRDA:26,0,0,0
BRDA:26,0,1,3
BRDA:26,1,0,0
BRDA:26,1,1,3
BRDA:29,2,0,0
BRDA:29,2,1,3
BRDA:36,3,0,0
BRDA:36,3,1,3
BRDA:74,4,0,3
BRDA:74,4,1,18
BRDA:100,5,0,3
BRDA:100,5,1,90
BRDA:108,6,0,3
BRDA:108,6,1,0
BRDA:122,7,0,1
BRDA:122,7,1,0
BRDA:136,8,0,0
BRDA:136,8,1,0
BRDA:151,9,0,0
BRDA:151,9,1,0
BRDA:151,9,2,0
BRDA:151,9,3,0
BRDA:151,9,4,0
BRDA:151,9,5,0
BRDA:151,9,6,0
BRDA:151,9,7,0
BRDA:151,9,8,0
BRDA:151,9,9,0
BRDA:151,9,10,0
BRDA:151,9,11,2
BRDA:189,10,0,0
BRDA:189,10,1,0
BRDA:191,11,0,0
BRDA:191,11,1,0
BRDA:199,12,0,0
BRDA:199,12,1,0
BRF:36
BRH:11
end_of_record
